CRITICAL - 2020-11-21 13:05:37 --> Invalid argument supplied for foreach()
#0 C:\xampp\htdocs\iot-rasp\app\Views\login\login.php(121): CodeIgniter\Debug\Exceptions->errorHandler(2, 'Invalid argumen...', 'C:\\xampp\\htdocs...', 121, Array)
#1 C:\xampp\htdocs\iot-rasp\system\View\View.php(246): include('C:\\xampp\\htdocs...')
#2 C:\xampp\htdocs\iot-rasp\system\Common.php(1119): CodeIgniter\View\View->render('login/login', Array, true)
#3 C:\xampp\htdocs\iot-rasp\app\Controllers\Login.php(14): view('login/login')
#4 C:\xampp\htdocs\iot-rasp\system\CodeIgniter.php(918): App\Controllers\Login->index()
#5 C:\xampp\htdocs\iot-rasp\system\CodeIgniter.php(404): CodeIgniter\CodeIgniter->runController(Object(App\Controllers\Login))
#6 C:\xampp\htdocs\iot-rasp\system\CodeIgniter.php(312): CodeIgniter\CodeIgniter->handleRequest(NULL, Object(Config\Cache), false)
#7 C:\xampp\htdocs\iot-rasp\index.php(46): CodeIgniter\CodeIgniter->run()
#8 {main}
CRITICAL - 2020-11-21 13:15:58 --> Unable to connect to the database.
#0 C:\xampp\htdocs\iot-rasp\system\Database\BaseConnection.php(646): CodeIgniter\Database\BaseConnection->initialize()
#1 C:\xampp\htdocs\iot-rasp\system\Database\BaseBuilder.php(1860): CodeIgniter\Database\BaseConnection->query('SELECT *\nFROM `...', Array, false)
#2 C:\xampp\htdocs\iot-rasp\app\Models\PaisesModel.php(30): CodeIgniter\Database\BaseBuilder->get()
#3 C:\xampp\htdocs\iot-rasp\app\Controllers\Login.php(12): App\Models\PaisesModel->selectPaises()
#4 C:\xampp\htdocs\iot-rasp\system\CodeIgniter.php(918): App\Controllers\Login->index()
#5 C:\xampp\htdocs\iot-rasp\system\CodeIgniter.php(404): CodeIgniter\CodeIgniter->runController(Object(App\Controllers\Login))
#6 C:\xampp\htdocs\iot-rasp\system\CodeIgniter.php(312): CodeIgniter\CodeIgniter->handleRequest(NULL, Object(Config\Cache), false)
#7 C:\xampp\htdocs\iot-rasp\index.php(46): CodeIgniter\CodeIgniter->run()
#8 {main}
CRITICAL - 2020-11-21 13:16:10 --> Unable to connect to the database.
#0 C:\xampp\htdocs\iot-rasp\system\Database\BaseConnection.php(646): CodeIgniter\Database\BaseConnection->initialize()
#1 C:\xampp\htdocs\iot-rasp\system\Database\BaseBuilder.php(1860): CodeIgniter\Database\BaseConnection->query('SELECT *\nFROM `...', Array, false)
#2 C:\xampp\htdocs\iot-rasp\app\Models\PaisesModel.php(30): CodeIgniter\Database\BaseBuilder->get()
#3 C:\xampp\htdocs\iot-rasp\app\Controllers\Login.php(12): App\Models\PaisesModel->selectPaises()
#4 C:\xampp\htdocs\iot-rasp\system\CodeIgniter.php(918): App\Controllers\Login->index()
#5 C:\xampp\htdocs\iot-rasp\system\CodeIgniter.php(404): CodeIgniter\CodeIgniter->runController(Object(App\Controllers\Login))
#6 C:\xampp\htdocs\iot-rasp\system\CodeIgniter.php(312): CodeIgniter\CodeIgniter->handleRequest(NULL, Object(Config\Cache), false)
#7 C:\xampp\htdocs\iot-rasp\index.php(46): CodeIgniter\CodeIgniter->run()
#8 {main}
CRITICAL - 2020-11-21 13:16:11 --> Unable to connect to the database.
#0 C:\xampp\htdocs\iot-rasp\system\Database\BaseConnection.php(646): CodeIgniter\Database\BaseConnection->initialize()
#1 C:\xampp\htdocs\iot-rasp\system\Database\BaseBuilder.php(1860): CodeIgniter\Database\BaseConnection->query('SELECT *\nFROM `...', Array, false)
#2 C:\xampp\htdocs\iot-rasp\app\Models\PaisesModel.php(30): CodeIgniter\Database\BaseBuilder->get()
#3 C:\xampp\htdocs\iot-rasp\app\Controllers\Login.php(12): App\Models\PaisesModel->selectPaises()
#4 C:\xampp\htdocs\iot-rasp\system\CodeIgniter.php(918): App\Controllers\Login->index()
#5 C:\xampp\htdocs\iot-rasp\system\CodeIgniter.php(404): CodeIgniter\CodeIgniter->runController(Object(App\Controllers\Login))
#6 C:\xampp\htdocs\iot-rasp\system\CodeIgniter.php(312): CodeIgniter\CodeIgniter->handleRequest(NULL, Object(Config\Cache), false)
#7 C:\xampp\htdocs\iot-rasp\index.php(46): CodeIgniter\CodeIgniter->run()
#8 {main}
CRITICAL - 2020-11-21 13:16:11 --> Unable to connect to the database.
#0 C:\xampp\htdocs\iot-rasp\system\Database\BaseConnection.php(646): CodeIgniter\Database\BaseConnection->initialize()
#1 C:\xampp\htdocs\iot-rasp\system\Database\BaseBuilder.php(1860): CodeIgniter\Database\BaseConnection->query('SELECT *\nFROM `...', Array, false)
#2 C:\xampp\htdocs\iot-rasp\app\Models\PaisesModel.php(30): CodeIgniter\Database\BaseBuilder->get()
#3 C:\xampp\htdocs\iot-rasp\app\Controllers\Login.php(12): App\Models\PaisesModel->selectPaises()
#4 C:\xampp\htdocs\iot-rasp\system\CodeIgniter.php(918): App\Controllers\Login->index()
#5 C:\xampp\htdocs\iot-rasp\system\CodeIgniter.php(404): CodeIgniter\CodeIgniter->runController(Object(App\Controllers\Login))
#6 C:\xampp\htdocs\iot-rasp\system\CodeIgniter.php(312): CodeIgniter\CodeIgniter->handleRequest(NULL, Object(Config\Cache), false)
#7 C:\xampp\htdocs\iot-rasp\index.php(46): CodeIgniter\CodeIgniter->run()
#8 {main}
CRITICAL - 2020-11-21 13:16:12 --> Unable to connect to the database.
#0 C:\xampp\htdocs\iot-rasp\system\Database\BaseConnection.php(646): CodeIgniter\Database\BaseConnection->initialize()
#1 C:\xampp\htdocs\iot-rasp\system\Database\BaseBuilder.php(1860): CodeIgniter\Database\BaseConnection->query('SELECT *\nFROM `...', Array, false)
#2 C:\xampp\htdocs\iot-rasp\app\Models\PaisesModel.php(30): CodeIgniter\Database\BaseBuilder->get()
#3 C:\xampp\htdocs\iot-rasp\app\Controllers\Login.php(12): App\Models\PaisesModel->selectPaises()
#4 C:\xampp\htdocs\iot-rasp\system\CodeIgniter.php(918): App\Controllers\Login->index()
#5 C:\xampp\htdocs\iot-rasp\system\CodeIgniter.php(404): CodeIgniter\CodeIgniter->runController(Object(App\Controllers\Login))
#6 C:\xampp\htdocs\iot-rasp\system\CodeIgniter.php(312): CodeIgniter\CodeIgniter->handleRequest(NULL, Object(Config\Cache), false)
#7 C:\xampp\htdocs\iot-rasp\index.php(46): CodeIgniter\CodeIgniter->run()
#8 {main}
CRITICAL - 2020-11-21 13:16:12 --> Unable to connect to the database.
#0 C:\xampp\htdocs\iot-rasp\system\Database\BaseConnection.php(646): CodeIgniter\Database\BaseConnection->initialize()
#1 C:\xampp\htdocs\iot-rasp\system\Database\BaseBuilder.php(1860): CodeIgniter\Database\BaseConnection->query('SELECT *\nFROM `...', Array, false)
#2 C:\xampp\htdocs\iot-rasp\app\Models\PaisesModel.php(30): CodeIgniter\Database\BaseBuilder->get()
#3 C:\xampp\htdocs\iot-rasp\app\Controllers\Login.php(12): App\Models\PaisesModel->selectPaises()
#4 C:\xampp\htdocs\iot-rasp\system\CodeIgniter.php(918): App\Controllers\Login->index()
#5 C:\xampp\htdocs\iot-rasp\system\CodeIgniter.php(404): CodeIgniter\CodeIgniter->runController(Object(App\Controllers\Login))
#6 C:\xampp\htdocs\iot-rasp\system\CodeIgniter.php(312): CodeIgniter\CodeIgniter->handleRequest(NULL, Object(Config\Cache), false)
#7 C:\xampp\htdocs\iot-rasp\index.php(46): CodeIgniter\CodeIgniter->run()
#8 {main}
CRITICAL - 2020-11-21 13:17:18 --> Unable to connect to the database.
#0 C:\xampp\htdocs\iot-rasp\system\Database\BaseConnection.php(646): CodeIgniter\Database\BaseConnection->initialize()
#1 C:\xampp\htdocs\iot-rasp\system\Database\BaseBuilder.php(1860): CodeIgniter\Database\BaseConnection->query('SELECT *\nFROM `...', Array, false)
#2 C:\xampp\htdocs\iot-rasp\app\Models\PaisesModel.php(30): CodeIgniter\Database\BaseBuilder->get()
#3 C:\xampp\htdocs\iot-rasp\app\Controllers\Login.php(12): App\Models\PaisesModel->selectPaises()
#4 C:\xampp\htdocs\iot-rasp\system\CodeIgniter.php(918): App\Controllers\Login->index()
#5 C:\xampp\htdocs\iot-rasp\system\CodeIgniter.php(404): CodeIgniter\CodeIgniter->runController(Object(App\Controllers\Login))
#6 C:\xampp\htdocs\iot-rasp\system\CodeIgniter.php(312): CodeIgniter\CodeIgniter->handleRequest(NULL, Object(Config\Cache), false)
#7 C:\xampp\htdocs\iot-rasp\index.php(46): CodeIgniter\CodeIgniter->run()
#8 {main}
CRITICAL - 2020-11-21 13:17:19 --> Unable to connect to the database.
#0 C:\xampp\htdocs\iot-rasp\system\Database\BaseConnection.php(646): CodeIgniter\Database\BaseConnection->initialize()
#1 C:\xampp\htdocs\iot-rasp\system\Database\BaseBuilder.php(1860): CodeIgniter\Database\BaseConnection->query('SELECT *\nFROM `...', Array, false)
#2 C:\xampp\htdocs\iot-rasp\app\Models\PaisesModel.php(30): CodeIgniter\Database\BaseBuilder->get()
#3 C:\xampp\htdocs\iot-rasp\app\Controllers\Login.php(12): App\Models\PaisesModel->selectPaises()
#4 C:\xampp\htdocs\iot-rasp\system\CodeIgniter.php(918): App\Controllers\Login->index()
#5 C:\xampp\htdocs\iot-rasp\system\CodeIgniter.php(404): CodeIgniter\CodeIgniter->runController(Object(App\Controllers\Login))
#6 C:\xampp\htdocs\iot-rasp\system\CodeIgniter.php(312): CodeIgniter\CodeIgniter->handleRequest(NULL, Object(Config\Cache), false)
#7 C:\xampp\htdocs\iot-rasp\index.php(46): CodeIgniter\CodeIgniter->run()
#8 {main}
CRITICAL - 2020-11-21 13:18:49 --> syntax error, unexpected 'define' (T_STRING), expecting function (T_FUNCTION) or const (T_CONST)
#0 C:\xampp\htdocs\iot-rasp\system\Autoloader\Autoloader.php(296): CodeIgniter\Autoloader\Autoloader->requireFile('C:\\xampp\\htdocs...')
#1 C:\xampp\htdocs\iot-rasp\system\Autoloader\Autoloader.php(258): CodeIgniter\Autoloader\Autoloader->loadInNamespace('Config\\Database')
#2 [internal function]: CodeIgniter\Autoloader\Autoloader->loadClass('Config\\Database')
#3 C:\xampp\htdocs\iot-rasp\system\Common.php(263): spl_autoload_call('Config\\Database')
#4 C:\xampp\htdocs\iot-rasp\app\Models\PaisesModel.php(9): db_connect()
#5 C:\xampp\htdocs\iot-rasp\app\Controllers\Login.php(10): App\Models\PaisesModel->__construct()
#6 C:\xampp\htdocs\iot-rasp\system\CodeIgniter.php(918): App\Controllers\Login->index()
#7 C:\xampp\htdocs\iot-rasp\system\CodeIgniter.php(404): CodeIgniter\CodeIgniter->runController(Object(App\Controllers\Login))
#8 C:\xampp\htdocs\iot-rasp\system\CodeIgniter.php(312): CodeIgniter\CodeIgniter->handleRequest(NULL, Object(Config\Cache), false)
#9 C:\xampp\htdocs\iot-rasp\index.php(46): CodeIgniter\CodeIgniter->run()
#10 {main}
CRITICAL - 2020-11-21 15:17:06 --> Call to a member function get() on null
#0 C:\xampp\htdocs\iot-rasp\system\View\View.php(246): include()
#1 C:\xampp\htdocs\iot-rasp\system\View\View.php(257): CodeIgniter\View\View->render('base', Array, true)
#2 C:\xampp\htdocs\iot-rasp\system\Common.php(1119): CodeIgniter\View\View->render('inicio/inicio', Array, true)
#3 C:\xampp\htdocs\iot-rasp\app\Controllers\Inicio.php(7): view('inicio/inicio')
#4 C:\xampp\htdocs\iot-rasp\system\CodeIgniter.php(918): App\Controllers\Inicio->index()
#5 C:\xampp\htdocs\iot-rasp\system\CodeIgniter.php(404): CodeIgniter\CodeIgniter->runController(Object(App\Controllers\Inicio))
#6 C:\xampp\htdocs\iot-rasp\system\CodeIgniter.php(312): CodeIgniter\CodeIgniter->handleRequest(NULL, Object(Config\Cache), false)
#7 C:\xampp\htdocs\iot-rasp\index.php(46): CodeIgniter\CodeIgniter->run()
#8 {main}
